:::MLPv0.5.0 ncf 1539644749.709089041 (./convert.py:49) preproc_hp_min_ratings: 20
:::MLPv0.5.0 ncf 1539644977.645169973 (./convert.py:79) preproc_hp_num_eval: 999
:::MLPv0.5.0 ncf 1539644977.645656347 (./convert.py:82) preproc_hp_sample_eval_replacement: true
:::MLPv0.5.0 ncf 1539644977.646054506 (./convert.py:87) run_start
:::MLPv0.5.0 ncf 1539644977.646534204 (./convert.py:88) input_step_eval_neg_gen
:::MLPv0.5.0 ncf 1539645457.628796101 (./convert.py:106) input_size: 19861770
:::MLPv0.5.0 ncf 1539646316.479022980 (/home/taylorrobie/mlperf_training/recommendation/pytorch/dataset.py:15) input_step_train_neg_gen: 4
:::MLPv0.5.0 ncf 1539646316.479547024 (/home/taylorrobie/mlperf_training/recommendation/pytorch/dataset.py:16) input_hp_sample_train_replacement
:::MLPv0.5.0 ncf 1539646316.479940891 (./ncf.py:176) input_batch_size: 2048
:::MLPv0.5.0 ncf 1539646316.480312586 (./ncf.py:177) input_order
:::MLPv0.5.0 ncf 1539646349.679599047 (/home/taylorrobie/mlperf_training/recommendation/pytorch/neumf.py:19) model_hp_mf_dim
:::MLPv0.5.0 ncf 1539646350.656673193 (/home/taylorrobie/mlperf_training/recommendation/pytorch/neumf.py:27) model_hp_mlp_layer_sizes: [256, 256, 128, 64]
:::MLPv0.5.0 ncf 1539646351.001503944 (./ncf.py:201) opt_learning_rate: 0.0005
:::MLPv0.5.0 ncf 1539646351.001977921 (./ncf.py:203) opt_name: "Adam"
:::MLPv0.5.0 ncf 1539646351.002367496 (./ncf.py:204) opt_hp_Adam_beta1: 0.9
:::MLPv0.5.0 ncf 1539646351.002785444 (./ncf.py:205) opt_hp_Adam_beta2: 0.999
:::MLPv0.5.0 ncf 1539646351.003184795 (./ncf.py:206) opt_hp_Adam_epsilon: 1e-08
:::MLPv0.5.0 ncf 1539646351.003669262 (./ncf.py:210) model_hp_loss_fn: "binary_cross_entropy"
:::MLPv0.5.0 ncf 1539646355.468760490 (./ncf.py:108) eval_start
:::MLPv0.5.0 ncf 1539646440.021394014 (./ncf.py:130) eval_size: {"epoch": null, "value": 138493000}
:::MLPv0.5.0 ncf 1539646440.022042274 (./ncf.py:131) eval_hp_num_users: 138493
:::MLPv0.5.0 ncf 1539646440.022473812 (./ncf.py:132) eval_hp_num_neg: 999
:::MLPv0.5.0 ncf 1539646440.028930187 (./ncf.py:228) train_loop
:::MLPv0.5.0 ncf 1539646440.029454708 (./ncf.py:230) train_epoch: 0
:::MLPv0.5.0 ncf 1539646440.029996157 (./ncf.py:234) input_hp_num_neg: 4
:::MLPv0.5.0 ncf 1539646440.030435562 (./ncf.py:235) input_step_train_neg_gen
:::MLPv0.5.0 ncf 1539646822.655311108 (./ncf.py:108) eval_start: 0
:::MLPv0.5.0 ncf 1539646907.872855663 (./ncf.py:130) eval_size: {"epoch": 0, "value": 138493000}
:::MLPv0.5.0 ncf 1539646907.873509407 (./ncf.py:131) eval_hp_num_users: 138493
:::MLPv0.5.0 ncf 1539646907.873955965 (./ncf.py:132) eval_hp_num_neg: 999
:::MLPv0.5.0 ncf 1539646907.880225182 (./ncf.py:265) eval_accuracy: {"epoch": 0, "value": 0.5749676823616028}
:::MLPv0.5.0 ncf 1539646907.880646944 (./ncf.py:266) eval_target: 0.635
:::MLPv0.5.0 ncf 1539646907.881031513 (./ncf.py:267) eval_stop
:::MLPv0.5.0 ncf 1539646907.881787539 (./ncf.py:230) train_epoch: 1
:::MLPv0.5.0 ncf 1539646907.882298470 (./ncf.py:234) input_hp_num_neg: 4
:::MLPv0.5.0 ncf 1539646907.882734776 (./ncf.py:235) input_step_train_neg_gen
:::MLPv0.5.0 ncf 1539647297.070932150 (./ncf.py:108) eval_start: 1
:::MLPv0.5.0 ncf 1539647382.428467274 (./ncf.py:130) eval_size: {"epoch": 1, "value": 138493000}
:::MLPv0.5.0 ncf 1539647382.429124594 (./ncf.py:131) eval_hp_num_users: 138493
:::MLPv0.5.0 ncf 1539647382.429560423 (./ncf.py:132) eval_hp_num_neg: 999
:::MLPv0.5.0 ncf 1539647382.435043097 (./ncf.py:265) eval_accuracy: {"epoch": 1, "value": 0.6050702929496765}
:::MLPv0.5.0 ncf 1539647382.435451269 (./ncf.py:266) eval_target: 0.635
:::MLPv0.5.0 ncf 1539647382.435815334 (./ncf.py:267) eval_stop
:::MLPv0.5.0 ncf 1539647382.436582804 (./ncf.py:230) train_epoch: 2
:::MLPv0.5.0 ncf 1539647382.437108040 (./ncf.py:234) input_hp_num_neg: 4
:::MLPv0.5.0 ncf 1539647382.437472343 (./ncf.py:235) input_step_train_neg_gen
:::MLPv0.5.0 ncf 1539647772.154838324 (./ncf.py:108) eval_start: 2
:::MLPv0.5.0 ncf 1539647857.618640184 (./ncf.py:130) eval_size: {"epoch": 2, "value": 138493000}
:::MLPv0.5.0 ncf 1539647857.619278193 (./ncf.py:131) eval_hp_num_users: 138493
:::MLPv0.5.0 ncf 1539647857.619717121 (./ncf.py:132) eval_hp_num_neg: 999
:::MLPv0.5.0 ncf 1539647857.625024796 (./ncf.py:265) eval_accuracy: {"epoch": 2, "value": 0.6190782189369202}
:::MLPv0.5.0 ncf 1539647857.625438452 (./ncf.py:266) eval_target: 0.635
:::MLPv0.5.0 ncf 1539647857.625793695 (./ncf.py:267) eval_stop
:::MLPv0.5.0 ncf 1539647857.626562119 (./ncf.py:230) train_epoch: 3
:::MLPv0.5.0 ncf 1539647857.627110243 (./ncf.py:234) input_hp_num_neg: 4
:::MLPv0.5.0 ncf 1539647857.627487421 (./ncf.py:235) input_step_train_neg_gen
:::MLPv0.5.0 ncf 1539648241.482251167 (./ncf.py:108) eval_start: 3
:::MLPv0.5.0 ncf 1539648326.787829876 (./ncf.py:130) eval_size: {"epoch": 3, "value": 138493000}
:::MLPv0.5.0 ncf 1539648326.788470984 (./ncf.py:131) eval_hp_num_users: 138493
:::MLPv0.5.0 ncf 1539648326.788916111 (./ncf.py:132) eval_hp_num_neg: 999
:::MLPv0.5.0 ncf 1539648326.794188499 (./ncf.py:265) eval_accuracy: {"epoch": 3, "value": 0.6252879500389099}
:::MLPv0.5.0 ncf 1539648326.794625044 (./ncf.py:266) eval_target: 0.635
:::MLPv0.5.0 ncf 1539648326.795019388 (./ncf.py:267) eval_stop
:::MLPv0.5.0 ncf 1539648326.795766115 (./ncf.py:230) train_epoch: 4
:::MLPv0.5.0 ncf 1539648326.796291590 (./ncf.py:234) input_hp_num_neg: 4
:::MLPv0.5.0 ncf 1539648326.796656132 (./ncf.py:235) input_step_train_neg_gen
:::MLPv0.5.0 ncf 1539648710.581667900 (./ncf.py:108) eval_start: 4
:::MLPv0.5.0 ncf 1539648795.734524965 (./ncf.py:130) eval_size: {"epoch": 4, "value": 138493000}
:::MLPv0.5.0 ncf 1539648795.735186338 (./ncf.py:131) eval_hp_num_users: 138493
:::MLPv0.5.0 ncf 1539648795.735637903 (./ncf.py:132) eval_hp_num_neg: 999
:::MLPv0.5.0 ncf 1539648795.740730047 (./ncf.py:265) eval_accuracy: {"epoch": 4, "value": 0.6261760592460632}
:::MLPv0.5.0 ncf 1539648795.741161108 (./ncf.py:266) eval_target: 0.635
:::MLPv0.5.0 ncf 1539648795.741537094 (./ncf.py:267) eval_stop
:::MLPv0.5.0 ncf 1539648795.742322683 (./ncf.py:230) train_epoch: 5
:::MLPv0.5.0 ncf 1539648795.742857933 (./ncf.py:234) input_hp_num_neg: 4
:::MLPv0.5.0 ncf 1539648795.743238449 (./ncf.py:235) input_step_train_neg_gen
:::MLPv0.5.0 ncf 1539649185.461801529 (./ncf.py:108) eval_start: 5
:::MLPv0.5.0 ncf 1539649270.683536768 (./ncf.py:130) eval_size: {"epoch": 5, "value": 138493000}
:::MLPv0.5.0 ncf 1539649270.684262991 (./ncf.py:131) eval_hp_num_users: 138493
:::MLPv0.5.0 ncf 1539649270.684770823 (./ncf.py:132) eval_hp_num_neg: 999
:::MLPv0.5.0 ncf 1539649270.690125465 (./ncf.py:265) eval_accuracy: {"epoch": 5, "value": 0.6341837048530579}
:::MLPv0.5.0 ncf 1539649270.690641880 (./ncf.py:266) eval_target: 0.635
:::MLPv0.5.0 ncf 1539649270.691102266 (./ncf.py:267) eval_stop
:::MLPv0.5.0 ncf 1539649270.691918135 (./ncf.py:230) train_epoch: 6
:::MLPv0.5.0 ncf 1539649270.692487955 (./ncf.py:234) input_hp_num_neg: 4
:::MLPv0.5.0 ncf 1539649270.692940235 (./ncf.py:235) input_step_train_neg_gen
:::MLPv0.5.0 ncf 1539649660.784130096 (./ncf.py:108) eval_start: 6
:::MLPv0.5.0 ncf 1539649745.926418781 (./ncf.py:130) eval_size: {"epoch": 6, "value": 138493000}
:::MLPv0.5.0 ncf 1539649745.927098036 (./ncf.py:131) eval_hp_num_users: 138493
:::MLPv0.5.0 ncf 1539649745.927538157 (./ncf.py:132) eval_hp_num_neg: 999
:::MLPv0.5.0 ncf 1539649745.932753801 (./ncf.py:265) eval_accuracy: {"epoch": 6, "value": 0.6359454989433289}
:::MLPv0.5.0 ncf 1539649745.933189631 (./ncf.py:266) eval_target: 0.635
:::MLPv0.5.0 ncf 1539649745.933562756 (./ncf.py:267) eval_stop
:::MLPv0.5.0 ncf 1539649745.934355497 (./ncf.py:280) run_stop: {"success": true}
:::MLPv0.5.0 ncf 1539649745.934778452 (./ncf.py:281) run_final
